<?xml version="1.0" encoding="UTF-8"?>
<!-- Generated by org.testng.reporters.JUnitXMLReporter -->
<testsuite ignored="0" hostname="Ashu" failures="0" tests="8" name="Default test" time="0.077" errors="0" timestamp="2023-10-27T01:12:59 IST">
  <testcase classname="com.Selenium.TestNg.DataProviderEx4" name="readdata" time="0.007"/>
  <testcase classname="com.Selenium.TestNg.DataProviderEx4" name="readdata" time="0.003"/>
  <testcase classname="com.Selenium.TestNg.DataProviderEx4" name="readdata" time="0.002"/>
  <testcase classname="com.Selenium.TestNg.DataProviderEx4" name="readdata" time="0.001"/>
  <testcase classname="com.Selenium.TestNg.DataProviderEx4" name="readdata" time="0.001"/>
  <testcase classname="com.Selenium.TestNg.DataProviderEx4" name="readdata" time="0.0"/>
  <testcase classname="com.Selenium.TestNg.DataProviderEx4" name="readdata" time="0.002"/>
  <testcase classname="com.Selenium.TestNg.DataProviderEx4" name="readdata" time="0.002"/>
</testsuite> <!-- Default test -->
