<?xml version="1.0" encoding="UTF-8"?>
<testng-results ignored="0" total="8" passed="8" failed="0" skipped="0">
  <reporter-output>
  </reporter-output>
  <suite started-at="2023-10-27T01:12:58 IST" name="Default suite" finished-at="2023-10-27T01:12:59 IST" duration-ms="77">
    <groups>
    </groups>
    <test started-at="2023-10-27T01:12:58 IST" name="Default test" finished-at="2023-10-27T01:12:59 IST" duration-ms="77">
      <class name="com.Selenium.TestNg.DataProviderEx4">
        <test-method signature="readdata([Ljava.lang.String;)[pri:0, instance:com.Selenium.TestNg.DataProviderEx4@f0c8a99]" started-at="2023-10-27T01:12:58 IST" name="readdata" data-provider="dpIterator" finished-at="2023-10-27T01:12:58 IST" duration-ms="7" status="PASS">
          <params>
            <param index="0">
              <value>
                <![CDATA[[Ljava.lang.String;@45efd90f]]>
              </value>
            </param>
          </params>
          <reporter-output>
          </reporter-output>
        </test-method> <!-- readdata -->
        <test-method signature="readdata([Ljava.lang.String;)[pri:0, instance:com.Selenium.TestNg.DataProviderEx4@f0c8a99]" started-at="2023-10-27T01:12:58 IST" name="readdata" data-provider="dpIterator" finished-at="2023-10-27T01:12:58 IST" duration-ms="3" status="PASS">
          <params>
            <param index="0">
              <value>
                <![CDATA[[Ljava.lang.String;@4b8729ff]]>
              </value>
            </param>
          </params>
          <reporter-output>
          </reporter-output>
        </test-method> <!-- readdata -->
        <test-method signature="readdata([Ljava.lang.String;)[pri:0, instance:com.Selenium.TestNg.DataProviderEx4@f0c8a99]" started-at="2023-10-27T01:12:59 IST" name="readdata" data-provider="dpIterator" finished-at="2023-10-27T01:12:59 IST" duration-ms="2" status="PASS">
          <params>
            <param index="0">
              <value>
                <![CDATA[[Ljava.lang.String;@6bb4dd34]]>
              </value>
            </param>
          </params>
          <reporter-output>
          </reporter-output>
        </test-method> <!-- readdata -->
        <test-method signature="readdata([Ljava.lang.String;)[pri:0, instance:com.Selenium.TestNg.DataProviderEx4@f0c8a99]" started-at="2023-10-27T01:12:59 IST" name="readdata" data-provider="dpIterator" finished-at="2023-10-27T01:12:59 IST" duration-ms="1" status="PASS">
          <params>
            <param index="0">
              <value>
                <![CDATA[[Ljava.lang.String;@7d9f158f]]>
              </value>
            </param>
          </params>
          <reporter-output>
          </reporter-output>
        </test-method> <!-- readdata -->
        <test-method signature="readdata(java.lang.String)[pri:0, instance:com.Selenium.TestNg.DataProviderEx4@f0c8a99]" started-at="2023-10-27T01:12:59 IST" name="readdata" data-provider="dpIterator" finished-at="2023-10-27T01:12:59 IST" duration-ms="1" status="PASS">
          <params>
            <param index="0">
              <value>
                <![CDATA[admin]]>
              </value>
            </param>
          </params>
          <reporter-output>
          </reporter-output>
        </test-method> <!-- readdata -->
        <test-method signature="readdata(java.lang.String)[pri:0, instance:com.Selenium.TestNg.DataProviderEx4@f0c8a99]" started-at="2023-10-27T01:12:59 IST" name="readdata" data-provider="dpIterator" finished-at="2023-10-27T01:12:59 IST" duration-ms="0" status="PASS">
          <params>
            <param index="0">
              <value>
                <![CDATA[admin123]]>
              </value>
            </param>
          </params>
          <reporter-output>
          </reporter-output>
        </test-method> <!-- readdata -->
        <test-method signature="readdata(java.lang.String)[pri:0, instance:com.Selenium.TestNg.DataProviderEx4@f0c8a99]" started-at="2023-10-27T01:12:59 IST" name="readdata" data-provider="dpIterator" finished-at="2023-10-27T01:12:59 IST" duration-ms="2" status="PASS">
          <params>
            <param index="0">
              <value>
                <![CDATA[admin]]>
              </value>
            </param>
          </params>
          <reporter-output>
          </reporter-output>
        </test-method> <!-- readdata -->
        <test-method signature="readdata(java.lang.String)[pri:0, instance:com.Selenium.TestNg.DataProviderEx4@f0c8a99]" started-at="2023-10-27T01:12:59 IST" name="readdata" data-provider="dpIterator" finished-at="2023-10-27T01:12:59 IST" duration-ms="2" status="PASS">
          <params>
            <param index="0">
              <value>
                <![CDATA[admin1234]]>
              </value>
            </param>
          </params>
          <reporter-output>
          </reporter-output>
        </test-method> <!-- readdata -->
      </class> <!-- com.Selenium.TestNg.DataProviderEx4 -->
    </test> <!-- Default test -->
  </suite> <!-- Default suite -->
</testng-results>
